#
# There is insufficient memory for the Java Runtime Environment to continue.
# Native memory allocation (mmap) failed to map 15728640 bytes for G1 virtual space
# Possible reasons:
#   The system is out of physical RAM or swap space
#   The process is running with CompressedOops enabled, and the Java Heap may be blocking the growth of the native heap
# Possible solutions:
#   Reduce memory load on the system
#   Increase physical memory or swap space
#   Check if swap backing store is full
#   Decrease Java heap size (-Xmx/-Xms)
#   Decrease number of Java threads
#   Decrease Java thread stack sizes (-Xss)
#   Set larger code cache with -XX:ReservedCodeCacheSize=
#   JVM is running with Unscaled Compressed Oops mode in which the Java heap is
#     placed in the first 4GB address space. The Java Heap base address is the
#     maximum limit for the native heap growth. Please use -XX:HeapBaseMinAddress
#     to set the Java Heap base and to place the Java Heap above 4GB virtual address.
# This output file may be truncated or incomplete.
#
#  Out of Memory Error (os_windows.cpp:3825), pid=37048, tid=36052
#
# JRE version: OpenJDK Runtime Environment (17.0.10) (build 17.0.10+0--11609105)
# Java VM: OpenJDK 64-Bit Server VM (17.0.10+0--11609105, mixed mode, tiered, compressed oops, compressed class ptrs, g1 gc, windows-amd64)
# No core dump will be written. Minidumps are not enabled by default on client versions of Windows
#

---------------  S U M M A R Y ------------

Command Line: --add-opens=java.base/java.util=ALL-UNNAMED --add-opens=java.base/java.lang=ALL-UNNAMED --add-opens=java.base/java.lang.invoke=ALL-UNNAMED --add-opens=java.prefs/java.util.prefs=ALL-UNNAMED --add-opens=java.base/java.nio.charset=ALL-UNNAMED --add-opens=java.base/java.net=ALL-UNNAMED --add-opens=java.base/java.util.concurrent.atomic=ALL-UNNAMED -Xmx2048m -Dfile.encoding=UTF-8 -Duser.country=ID -Duser.language=en -Duser.variant -javaagent:C:\Users\User\.gradle\wrapper\dists\gradle-8.7-bin\bhs2wmbdwecv87pi65oeuq5iu\gradle-8.7\lib\agents\gradle-instrumentation-agent-8.7.jar org.gradle.launcher.daemon.bootstrap.GradleDaemon 8.7

Host: Intel(R) Core(TM) i5-6500 CPU @ 3.20GHz, 4 cores, 15G,  Windows 10 , 64 bit Build 19041 (10.0.19041.3636)
Time: Thu Jul  4 23:52:43 2024 SE Asia Standard Time elapsed time: 5.420321 seconds (0d 0h 0m 5s)

---------------  T H R E A D  ---------------

Current thread (0x00000200fed79480):  VMThread "VM Thread" [stack: 0x000000d89f400000,0x000000d89f500000] [id=36052]

Stack: [0x000000d89f400000,0x000000d89f500000]
Native frames: (J=compiled Java code, j=interpreted, Vv=VM code, C=native code)
V  [jvm.dll+0x688de9]
V  [jvm.dll+0x8423da]
V  [jvm.dll+0x84401e]
V  [jvm.dll+0x844683]
V  [jvm.dll+0x24be0f]
V  [jvm.dll+0x685bb9]
V  [jvm.dll+0x67a46a]
V  [jvm.dll+0x30cbab]
V  [jvm.dll+0x314056]
V  [jvm.dll+0x363dce]
V  [jvm.dll+0x363fff]
V  [jvm.dll+0x2e2978]
V  [jvm.dll+0x2e0b54]
V  [jvm.dll+0x2e015c]
V  [jvm.dll+0x32502b]
V  [jvm.dll+0x848d7b]
V  [jvm.dll+0x849ac1]
V  [jvm.dll+0x849fdd]
V  [jvm.dll+0x84a3b4]
V  [jvm.dll+0x84a480]
V  [jvm.dll+0x7f0c7a]
V  [jvm.dll+0x687c65]
C  [ucrtbase.dll+0x21bb2]
C  [KERNEL32.DLL+0x17344]
C  [ntdll.dll+0x4cc91]

VM_Operation (0x000000d8a0af76f0): G1CollectForAllocation, mode: safepoint, requested by thread 0x0000020095d018d0


---------------  P R O C E S S  ---------------

Threads class SMR info:
_java_thread_list=0x000002009734cdf0, length=35, elements={
0x00000200f482e010, 0x00000200fef28260, 0x00000200fef28ff0, 0x00000200fef2dea0,
0x00000200fef2ec70, 0x00000200fef53420, 0x00000200fef5bd00, 0x00000200fef5fe00,
0x00000200fef60d20, 0x00000200fef73e00, 0x00000200ff06ff50, 0x00000200ff213610,
0x00000200961bb200, 0x000002009645bf20, 0x00000200ffb83fc0, 0x000002009619dc80,
0x00000200964524d0, 0x0000020095d62460, 0x0000020095d018d0, 0x0000020095df3360,
0x0000020095df4290, 0x0000020096ad25e0, 0x0000020095df1500, 0x0000020095df4cb0,
0x0000020095df1a10, 0x0000020095df3d80, 0x0000020095df1f20, 0x0000020095df3870,
0x0000020095df2430, 0x0000020095df2940, 0x0000020095df2e50, 0x0000020097a64cb0,
0x0000020097a66600, 0x0000020097a60ae0, 0x0000020097a63d80
}

Java Threads: ( => current thread )
  0x00000200f482e010 JavaThread "main" [_thread_blocked, id=37656, stack(0x000000d89ee00000,0x000000d89ef00000)]
  0x00000200fef28260 JavaThread "Reference Handler" daemon [_thread_blocked, id=37564, stack(0x000000d89f500000,0x000000d89f600000)]
  0x00000200fef28ff0 JavaThread "Finalizer" daemon [_thread_blocked, id=24752, stack(0x000000d89f600000,0x000000d89f700000)]
  0x00000200fef2dea0 JavaThread "Signal Dispatcher" daemon [_thread_blocked, id=38380, stack(0x000000d89f700000,0x000000d89f800000)]
  0x00000200fef2ec70 JavaThread "Attach Listener" daemon [_thread_blocked, id=35564, stack(0x000000d89f800000,0x000000d89f900000)]
  0x00000200fef53420 JavaThread "Service Thread" daemon [_thread_blocked, id=31340, stack(0x000000d89f900000,0x000000d89fa00000)]
  0x00000200fef5bd00 JavaThread "Monitor Deflation Thread" daemon [_thread_blocked, id=34516, stack(0x000000d89fa00000,0x000000d89fb00000)]
  0x00000200fef5fe00 JavaThread "C2 CompilerThread0" daemon [_thread_blocked, id=37028, stack(0x000000d89fb00000,0x000000d89fc00000)]
  0x00000200fef60d20 JavaThread "C1 CompilerThread0" daemon [_thread_blocked, id=38628, stack(0x000000d89fc00000,0x000000d89fd00000)]
  0x00000200fef73e00 JavaThread "Sweeper thread" daemon [_thread_blocked, id=37152, stack(0x000000d89fd00000,0x000000d89fe00000)]
  0x00000200ff06ff50 JavaThread "Common-Cleaner" daemon [_thread_blocked, id=31504, stack(0x000000d89fe00000,0x000000d89ff00000)]
  0x00000200ff213610 JavaThread "Notification Thread" daemon [_thread_blocked, id=38792, stack(0x000000d89ff00000,0x000000d8a0000000)]
  0x00000200961bb200 JavaThread "Daemon health stats" [_thread_blocked, id=38616, stack(0x000000d8a0500000,0x000000d8a0600000)]
  0x000002009645bf20 JavaThread "Incoming local TCP Connector on port 56139" [_thread_in_native, id=36008, stack(0x000000d8a0400000,0x000000d8a0500000)]
  0x00000200ffb83fc0 JavaThread "Daemon periodic checks" [_thread_blocked, id=34004, stack(0x000000d8a0600000,0x000000d8a0700000)]
  0x000002009619dc80 JavaThread "Daemon" [_thread_blocked, id=33284, stack(0x000000d8a0700000,0x000000d8a0800000)]
  0x00000200964524d0 JavaThread "Handler for socket connection from /127.0.0.1:56139 to /127.0.0.1:56140" [_thread_in_native, id=33904, stack(0x000000d8a0800000,0x000000d8a0900000)]
  0x0000020095d62460 JavaThread "Cancel handler" [_thread_blocked, id=30088, stack(0x000000d8a0900000,0x000000d8a0a00000)]
  0x0000020095d018d0 JavaThread "Daemon worker" [_thread_blocked, id=37304, stack(0x000000d8a0a00000,0x000000d8a0b00000)]
  0x0000020095df3360 JavaThread "Asynchronous log dispatcher for DefaultDaemonConnection: socket connection from /127.0.0.1:56139 to /127.0.0.1:56140" [_thread_blocked, id=10332, stack(0x000000d8a0b00000,0x000000d8a0c00000)]
  0x0000020095df4290 JavaThread "Stdin handler" [_thread_blocked, id=36972, stack(0x000000d8a0c00000,0x000000d8a0d00000)]
  0x0000020096ad25e0 JavaThread "C2 CompilerThread1" daemon [_thread_blocked, id=37160, stack(0x000000d8a0d00000,0x000000d8a0e00000)]
  0x0000020095df1500 JavaThread "Daemon client event forwarder" [_thread_blocked, id=34552, stack(0x000000d8a0e00000,0x000000d8a0f00000)]
  0x0000020095df4cb0 JavaThread "Cache worker for journal cache (C:\Users\User\.gradle\caches\journal-1)" [_thread_blocked, id=33184, stack(0x000000d8a0f00000,0x000000d8a1000000)]
  0x0000020095df1a10 JavaThread "File lock request listener" [_thread_in_native, id=35788, stack(0x000000d8a1000000,0x000000d8a1100000)]
  0x0000020095df3d80 JavaThread "Cache worker for file hash cache (C:\Users\User\.gradle\caches\8.7\fileHashes)" [_thread_blocked, id=34996, stack(0x000000d8a1100000,0x000000d8a1200000)]
  0x0000020095df1f20 JavaThread "Cache worker for file hash cache (C:\Users\User\AndroidStudioProjects\CRUDFirebase\.gradle\8.7\fileHashes)" [_thread_blocked, id=38712, stack(0x000000d8a1200000,0x000000d8a1300000)]
  0x0000020095df3870 JavaThread "File watcher server" daemon [_thread_in_native, id=36640, stack(0x000000d8a1300000,0x000000d8a1400000)]
  0x0000020095df2430 JavaThread "File watcher consumer" daemon [_thread_blocked, id=37996, stack(0x000000d8a1400000,0x000000d8a1500000)]
  0x0000020095df2940 JavaThread "Cache worker for checksums cache (C:\Users\User\AndroidStudioProjects\CRUDFirebase\.gradle\8.7\checksums)" [_thread_blocked, id=38780, stack(0x000000d8a1500000,0x000000d8a1600000)]
  0x0000020095df2e50 JavaThread "Cache worker for cache directory md-supplier (C:\Users\User\.gradle\caches\8.7\md-supplier)" [_thread_blocked, id=35984, stack(0x000000d8a1600000,0x000000d8a1700000)]
  0x0000020097a64cb0 JavaThread "Cache worker for cache directory md-rule (C:\Users\User\.gradle\caches\8.7\md-rule)" [_thread_blocked, id=17656, stack(0x000000d8a1700000,0x000000d8a1800000)]
  0x0000020097a66600 JavaThread "Cache worker for file content cache (C:\Users\User\.gradle\caches\8.7\fileContent)" [_thread_blocked, id=38188, stack(0x000000d8a1800000,0x000000d8a1900000)]
  0x0000020097a60ae0 JavaThread "jar transforms" [_thread_blocked, id=36288, stack(0x000000d8a1a00000,0x000000d8a1b00000)]
  0x0000020097a63d80 JavaThread "jar transforms Thread 2" [_thread_blocked, id=38884, stack(0x000000d8a1b00000,0x000000d8a1c00000)]

Other Threads:
=>0x00000200fed79480 VMThread "VM Thread" [stack: 0x000000d89f400000,0x000000d89f500000] [id=36052]
  0x00000200f482eee0 WatcherThread [stack: 0x000000d8a0000000,0x000000d8a0100000] [id=3564]
  0x00000200f4889610 GCTaskThread "GC Thread#0" [stack: 0x000000d89ef00000,0x000000d89f000000] [id=38596]
  0x00000200ff557d70 GCTaskThread "GC Thread#1" [stack: 0x000000d8a0100000,0x000000d8a0200000] [id=9176]
  0x00000200ff4a9f50 GCTaskThread "GC Thread#2" [stack: 0x000000d8a0200000,0x000000d8a0300000] [id=35644]
  0x00000200ff4aa210 GCTaskThread "GC Thread#3" [stack: 0x000000d8a0300000,0x000000d8a0400000] [id=36104]
  0x00000200f489a470 ConcurrentGCThread "G1 Main Marker" [stack: 0x000000d89f000000,0x000000d89f100000] [id=36224]
  0x00000200f489b540 ConcurrentGCThread "G1 Conc#0" [stack: 0x000000d89f100000,0x000000d89f200000] [id=8960]
  0x00000200f48ee310 ConcurrentGCThread "G1 Refine#0" [stack: 0x000000d89f200000,0x000000d89f300000] [id=31040]
  0x0000020095db9e90 ConcurrentGCThread "G1 Refine#1" [stack: 0x000000d8a1900000,0x000000d8a1a00000] [id=37448]
  0x00000200f48eec50 ConcurrentGCThread "G1 Service" [stack: 0x000000d89f300000,0x000000d89f400000] [id=37024]

Threads with active compile tasks:
C2 CompilerThread0     5448 4112       4       java.util.regex.Matcher::search (154 bytes)
C2 CompilerThread1     5448 4071   !   4       java.net.URLClassLoader::findClass (47 bytes)

VM state: at safepoint (normal execution)

VM Mutex/Monitor currently owned by a thread:  ([mutex/lock_event])
[0x00000200f4829ea0] Threads_lock - owner thread: 0x00000200fed79480
[0x00000200f4829a20] Heap_lock - owner thread: 0x0000020095d018d0

Heap address: 0x0000000080000000, size: 2048 MB, Compressed Oops mode: 32-bit

CDS archive(s) not mapped
Compressed class space mapped at: 0x0000000100000000-0x0000000140000000, reserved size: 1073741824
Narrow klass base: 0x0000000000000000, Narrow klass shift: 3, Narrow klass range: 0x140000000

GC Precious Log:
 CPUs: 4 total, 4 available
 Memory: 16336M
 Large Page Support: Disabled
 NUMA Support: Disabled
 Compressed Oops: Enabled (32-bit)
 Heap Region Size: 1M
 Heap Min Capacity: 8M
 Heap Initial Capacity: 256M
 Heap Max Capacity: 2G
 Pre-touch: Disabled
 Parallel Workers: 4
 Concurrent Workers: 1
 Concurrent Refinement Workers: 4
 Periodic GC: Disabled

Heap:
 garbage-first heap   total 75776K, used 34306K [0x0000000080000000, 0x0000000100000000)
  region size 1024K, 3 young (3072K), 3 survivors (3072K)
 Metaspace       used 46486K, committed 46912K, reserved 1114112K
  class space    used 6169K, committed 6336K, reserved 1048576K

Heap Regions: E=young(eden), S=young(survivor), O=old, HS=humongous(starts), HC=humongous(continues), CS=collection set, F=free, OA=open archive, CA=closed archive, TAMS=top-at-mark-start (previous, next)
|   0|0x0000000080000000, 0x0000000080100000, 0x0000000080100000|100%| O|  |TAMS 0x0000000080100000, 0x0000000080000000| Untracked 
|   1|0x0000000080100000, 0x0000000080200000, 0x0000000080200000|100%|HS|  |TAMS 0x0000000080200000, 0x0000000080100000| Complete 
|   2|0x0000000080200000, 0x0000000080300000, 0x0000000080300000|100%|HC|  |TAMS 0x0000000080300000, 0x0000000080200000| Complete 
|   3|0x0000000080300000, 0x0000000080400000, 0x0000000080400000|100%|HC|  |TAMS 0x0000000080400000, 0x0000000080300000| Complete 
|   4|0x0000000080400000, 0x0000000080500000, 0x0000000080500000|100%|HC|  |TAMS 0x0000000080500000, 0x0000000080400000| Complete 
|   5|0x0000000080500000, 0x0000000080600000, 0x0000000080600000|100%| O|  |TAMS 0x0000000080600000, 0x0000000080500000| Untracked 
|   6|0x0000000080600000, 0x0000000080700000, 0x0000000080700000|100%| O|  |TAMS 0x0000000080700000, 0x0000000080600000| Untracked 
|   7|0x0000000080700000, 0x0000000080800000, 0x0000000080800000|100%| O|  |TAMS 0x0000000080800000, 0x0000000080700000| Untracked 
|   8|0x0000000080800000, 0x0000000080900000, 0x0000000080900000|100%| O|  |TAMS 0x0000000080900000, 0x0000000080800000| Untracked 
|   9|0x0000000080900000, 0x0000000080a00000, 0x0000000080a00000|100%| O|  |TAMS 0x0000000080a00000, 0x0000000080900000| Untracked 
|  10|0x0000000080a00000, 0x0000000080aa8600, 0x0000000080b00000| 65%| O|  |TAMS 0x0000000080aa8600, 0x0000000080a00000| Untracked 
|  11|0x0000000080b00000, 0x0000000080c00000, 0x0000000080c00000|100%| O|  |TAMS 0x0000000080c00000, 0x0000000080b00000| Untracked 
|  12|0x0000000080c00000, 0x0000000080d00000, 0x0000000080d00000|100%| O|  |TAMS 0x0000000080d00000, 0x0000000080c00000| Untracked 
|  13|0x0000000080d00000, 0x0000000080e00000, 0x0000000080e00000|100%| O|  |TAMS 0x0000000080e00000, 0x0000000080d00000| Untracked 
|  14|0x0000000080e00000, 0x0000000080f00000, 0x0000000080f00000|100%| O|  |TAMS 0x0000000080f00000, 0x0000000080e00000| Untracked 
|  15|0x0000000080f00000, 0x0000000081000000, 0x0000000081000000|100%| O|  |TAMS 0x0000000081000000, 0x0000000080f00000| Untracked 
|  16|0x0000000081000000, 0x0000000081100000, 0x0000000081100000|100%| O|  |TAMS 0x0000000081100000, 0x0000000081000000| Untracked 
|  17|0x0000000081100000, 0x0000000081200000, 0x0000000081200000|100%| O|  |TAMS 0x0000000081200000, 0x0000000081100000| Untracked 
|  18|0x0000000081200000, 0x0000000081300000, 0x0000000081300000|100%| O|  |TAMS 0x0000000081300000, 0x0000000081200000| Untracked 
|  19|0x0000000081300000, 0x0000000081400000, 0x0000000081400000|100%| O|  |TAMS 0x0000000081400000, 0x0000000081300000| Untracked 
|  20|0x0000000081400000, 0x0000000081500000, 0x0000000081500000|100%| O|  |TAMS 0x00000000814e8800, 0x0000000081400000| Untracked 
|  21|0x0000000081500000, 0x0000000081600000, 0x0000000081600000|100%| O|  |TAMS 0x0000000081500000, 0x0000000081500000| Untracked 
|  22|0x0000000081600000, 0x0000000081700000, 0x0000000081700000|100%| O|  |TAMS 0x0000000081600000, 0x0000000081600000| Untracked 
|  23|0x0000000081700000, 0x0000000081800000, 0x0000000081800000|100%| O|  |TAMS 0x0000000081700000, 0x0000000081700000| Untracked 
|  24|0x0000000081800000, 0x0000000081900000, 0x0000000081900000|100%| O|  |TAMS 0x0000000081800000, 0x0000000081800000| Untracked 
|  25|0x0000000081900000, 0x0000000081a00000, 0x0000000081a00000|100%| O|  |TAMS 0x0000000081900000, 0x0000000081900000| Untracked 
|  26|0x0000000081a00000, 0x0000000081a5ec00, 0x0000000081b00000| 37%| O|  |TAMS 0x0000000081a00000, 0x0000000081a00000| Untracked 
|  27|0x0000000081b00000, 0x0000000081b00000, 0x0000000081c00000|  0%| F|  |TAMS 0x0000000081b00000, 0x0000000081b00000| Untracked 
|  28|0x0000000081c00000, 0x0000000081c00000, 0x0000000081d00000|  0%| F|  |TAMS 0x0000000081c00000, 0x0000000081c00000| Untracked 
|  29|0x0000000081d00000, 0x0000000081e00000, 0x0000000081e00000|100%| O|  |TAMS 0x0000000081d00000, 0x0000000081d00000| Untracked 
|  30|0x0000000081e00000, 0x0000000081f00000, 0x0000000081f00000|100%| O|  |TAMS 0x0000000081e00000, 0x0000000081e00000| Untracked 
|  31|0x0000000081f00000, 0x0000000082000000, 0x0000000082000000|100%| O|  |TAMS 0x0000000081f00000, 0x0000000081f00000| Untracked 
|  32|0x0000000082000000, 0x0000000082100000, 0x0000000082100000|100%| O|  |TAMS 0x0000000082000000, 0x0000000082000000| Untracked 
|  33|0x0000000082100000, 0x0000000082200000, 0x0000000082200000|100%| O|  |TAMS 0x0000000082100000, 0x0000000082100000| Untracked 
|  34|0x0000000082200000, 0x0000000082200000, 0x0000000082300000|  0%| F|  |TAMS 0x0000000082200000, 0x0000000082200000| Untracked 
|  35|0x0000000082300000, 0x0000000082300000, 0x0000000082400000|  0%| F|  |TAMS 0x0000000082300000, 0x0000000082300000| Untracked 
|  36|0x0000000082400000, 0x0000000082400000, 0x0000000082500000|  0%| F|  |TAMS 0x0000000082400000, 0x0000000082400000| Untracked 
|  37|0x0000000082500000, 0x0000000082500000, 0x0000000082600000|  0%| F|  |TAMS 0x0000000082500000, 0x0000000082500000| Untracked 
|  38|0x0000000082600000, 0x0000000082600000, 0x0000000082700000|  0%| F|  |TAMS 0x0000000082600000, 0x0000000082600000| Untracked 
|  39|0x0000000082700000, 0x0000000082700000, 0x0000000082800000|  0%| F|  |TAMS 0x0000000082700000, 0x0000000082700000| Untracked 
|  40|0x0000000082800000, 0x0000000082800000, 0x0000000082900000|  0%| F|  |TAMS 0x0000000082800000, 0x0000000082800000| Untracked 
|  41|0x0000000082900000, 0x0000000082900000, 0x0000000082a00000|  0%| F|  |TAMS 0x0000000082900000, 0x0000000082900000| Untracked 
|  42|0x0000000082a00000, 0x0000000082a00000, 0x0000000082b00000|  0%| F|  |TAMS 0x0000000082a00000, 0x0000000082a00000| Untracked 
|  43|0x0000000082b00000, 0x0000000082b00000, 0x0000000082c00000|  0%| F|  |TAMS 0x0000000082b00000, 0x0000000082b00000| Untracked 
|  44|0x0000000082c00000, 0x0000000082c00000, 0x0000000082d00000|  0%| F|  |TAMS 0x0000000082c00000, 0x0000000082c00000| Untracked 
|  45|0x0000000082d00000, 0x0000000082d00000, 0x0000000082e00000|  0%| F|  |TAMS 0x0000000082d00000, 0x0000000082d00000| Untracked 
|  46|0x0000000082e00000, 0x0000000082e798c0, 0x0000000082f00000| 47%| S|CS|TAMS 0x0000000082e00000, 0x0000000082e00000| Complete 
|  47|0x0000000082f00000, 0x0000000083000000, 0x0000000083000000|100%| S|CS|TAMS 0x0000000082f00000, 0x0000000082f00000| Complete 
|  48|0x0000000083000000, 0x0000000083100000, 0x0000000083100000|100%| S|CS|TAMS 0x0000000083000000, 0x0000000083000000| Complete 
|  49|0x0000000083100000, 0x0000000083100000, 0x0000000083200000|  0%| F|  |TAMS 0x0000000083100000, 0x0000000083100000| Untracked 
|  50|0x0000000083200000, 0x0000000083200000, 0x0000000083300000|  0%| F|  |TAMS 0x0000000083200000, 0x0000000083200000| Untracked 
|  51|0x0000000083300000, 0x0000000083300000, 0x0000000083400000|  0%| F|  |TAMS 0x0000000083300000, 0x0000000083300000| Untracked 
|  52|0x0000000083400000, 0x0000000083400000, 0x0000000083500000|  0%| F|  |TAMS 0x0000000083400000, 0x0000000083400000| Untracked 
|  53|0x0000000083500000, 0x0000000083500000, 0x0000000083600000|  0%| F|  |TAMS 0x0000000083500000, 0x0000000083500000| Untracked 
|  54|0x0000000083600000, 0x0000000083600000, 0x0000000083700000|  0%| F|  |TAMS 0x0000000083600000, 0x0000000083600000| Untracked 
|  55|0x0000000083700000, 0x0000000083700000, 0x0000000083800000|  0%| F|  |TAMS 0x0000000083700000, 0x0000000083700000| Untracked 
|  56|0x0000000083800000, 0x0000000083800000, 0x0000000083900000|  0%| F|  |TAMS 0x0000000083800000, 0x0000000083800000| Untracked 
|  57|0x0000000083900000, 0x0000000083900000, 0x0000000083a00000|  0%| F|  |TAMS 0x0000000083900000, 0x0000000083900000| Untracked 
|  58|0x0000000083a00000, 0x0000000083a00000, 0x0000000083b00000|  0%| F|  |TAMS 0x0000000083a00000, 0x0000000083a00000| Untracked 
|  59|0x0000000083b00000, 0x0000000083b00000, 0x0000000083c00000|  0%| F|  |TAMS 0x0000000083b00000, 0x0000000083b00000| Untracked 
|  60|0x0000000083c00000, 0x0000000083c00000, 0x0000000083d00000|  0%| F|  |TAMS 0x0000000083c00000, 0x0000000083c00000| Untracked 
|  61|0x0000000083d00000, 0x0000000083d00000, 0x0000000083e00000|  0%| F|  |TAMS 0x0000000083d00000, 0x0000000083d00000| Untracked 
|  62|0x0000000083e00000, 0x0000000083e00000, 0x0000000083f00000|  0%| F|  |TAMS 0x0000000083e00000, 0x0000000083e00000| Untracked 
| 197|0x000000008c500000, 0x000000008c500000, 0x000000008c600000|  0%| F|  |TAMS 0x000000008c500000, 0x000000008c500000| Untracked 
| 198|0x000000008c600000, 0x000000008c600000, 0x000000008c700000|  0%| F|  |TAMS 0x000000008c600000, 0x000000008c600000| Untracked 
| 199|0x000000008c700000, 0x000000008c700000, 0x000000008c800000|  0%| F|  |TAMS 0x000000008c700000, 0x000000008c700000| Untracked 
| 200|0x000000008c800000, 0x000000008c800000, 0x000000008c900000|  0%| F|  |TAMS 0x000000008c800000, 0x000000008c800000| Untracked 
| 201|0x000000008c900000, 0x000000008c900000, 0x000000008ca00000|  0%| F|  |TAMS 0x000000008c900000, 0x000000008c900000| Untracked 
| 202|0x000000008ca00000, 0x000000008ca00000, 0x000000008cb00000|  0%| F|  |TAMS 0x000000008ca00000, 0x000000008ca00000| Untracked 
| 203|0x000000008cb00000, 0x000000008cb00000, 0x000000008cc00000|  0%| F|  |TAMS 0x000000008cb00000, 0x000000008cb00000| Untracked 
| 204|0x000000008cc00000, 0x000000008cc00000, 0x000000008cd00000|  0%| F|  |TAMS 0x000000008cc00000, 0x000000008cc00000| Untracked 
| 205|0x000000008cd00000, 0x000000008cd00000, 0x000000008ce00000|  0%| F|  |TAMS 0x000000008cd00000, 0x000000008cd00000| Untracked 
| 254|0x000000008fe00000, 0x000000008fe00000, 0x000000008ff00000|  0%| F|  |TAMS 0x000000008fe00000, 0x000000008fe00000| Untracked 
| 255|0x000000008ff00000, 0x000000008ff00000, 0x0000000090000000|  0%| F|  |TAMS 0x000000008ff00000, 0x000000008ff00000| Untracked 

Card table byte_map: [0x00000200f9f10000,0x00000200fa310000] _byte_map_base: 0x00000200f9b10000

Marking Bits (Prev, Next): (CMBitMap*) 0x00000200f4889b40, (CMBitMap*) 0x00000200f4889b80
 Prev Bits: [0x00000200fa710000, 0x00000200fc710000)
 Next Bits: [0x00000200fc710000, 0x00000200fe710000)

Polling page: 0x00000200f48f0000

Metaspace:

Usage:
  Non-class:     39.37 MB used.
      Class:      6.02 MB used.
       Both:     45.40 MB used.

Virtual space:
  Non-class space:       64.00 MB reserved,      39.62 MB ( 62%) committed,  1 nodes.
      Class space:        1.00 GB reserved,       6.19 MB ( <1%) committed,  1 nodes.
             Both:        1.06 GB reserved,      45.81 MB (  4%) committed. 

Chunk freelists:
   Non-Class:  8.23 MB
       Class:  9.72 MB
        Both:  17.95 MB

MaxMetaspaceSize: unlimited
CompressedClassSpaceSize: 1.00 GB
Initial GC threshold: 21.00 MB
Current GC threshold: 59.06 MB
CDS: off
MetaspaceReclaimPolicy: balanced
 - commit_granule_bytes: 65536.
 - commit_granule_words: 8192.
 - virtual_space_node_default_size: 8388608.
 - enlarge_chunks_in_place: 1.
 - new_chunks_are_fully_committed: 0.
 - uncommit_free_chunks: 1.
 - use_allocation_guard: 0.
 - handle_deallocations: 1.


Internal statistics:

num_allocs_failed_limit: 6.
num_arena_births: 344.
num_arena_deaths: 0.
num_vsnodes_births: 2.
num_vsnodes_deaths: 0.
num_space_committed: 733.
num_space_uncommitted: 0.
num_chunks_returned_to_freelist: 6.
num_chunks_taken_from_freelist: 1727.
num_chunk_merges: 6.
num_chunk_splits: 1146.
num_chunks_enlarged: 814.
num_inconsistent_stats: 0.

CodeHeap 'non-profiled nmethods': size=120000Kb used=2387Kb max_used=2387Kb free=117612Kb
 bounds [0x0000020087ad0000, 0x0000020087d40000, 0x000002008f000000]
CodeHeap 'profiled nmethods': size=120000Kb used=8708Kb max_used=8708Kb free=111291Kb
 bounds [0x0000020080000000, 0x0000020080890000, 0x0000020087530000]
CodeHeap 'non-nmethods': size=5760Kb used=2289Kb max_used=2361Kb free=3470Kb
 bounds [0x0000020087530000, 0x00000200877a0000, 0x0000020087ad0000]
 total_blobs=4907 nmethods=4109 adapters=710
 compilation: enabled
              stopped_count=0, restarted_count=0
 full_count=0

Compilation events (20 events):
Event: 5.404 Thread 0x00000200fef60d20 4104       3       jdk.internal.org.objectweb.asm.SymbolTable::hash (7 bytes)
Event: 5.404 Thread 0x00000200fef60d20 nmethod 4104 0x000002008087bc10 code [0x000002008087bda0, 0x000002008087be98]
Event: 5.404 Thread 0x00000200fef5fe00 nmethod 4103 0x0000020087d24b90 code [0x0000020087d24d20, 0x0000020087d24dc8]
Event: 5.405 Thread 0x00000200fef60d20 4105       3       com.google.common.reflect.TypeResolver$TypeVariableKey::hashCode (32 bytes)
Event: 5.406 Thread 0x00000200fef60d20 nmethod 4105 0x000002008087bf10 code [0x000002008087c100, 0x000002008087c7a8]
Event: 5.406 Thread 0x00000200fef60d20 4106       3       com.google.common.reflect.TypeResolver$TypeVariableKey::equalsTypeVariable (48 bytes)
Event: 5.406 Thread 0x00000200fef60d20 nmethod 4106 0x000002008087c990 code [0x000002008087cb80, 0x000002008087d138]
Event: 5.406 Thread 0x00000200fef5fe00 4112       4       java.util.regex.Matcher::search (154 bytes)
Event: 5.406 Thread 0x00000200fef60d20 4107       3       org.gradle.internal.instantiation.generator.AbstractClassGenerator$ManagedPropertiesHandler::visitProperty (37 bytes)
Event: 5.406 Thread 0x00000200fef60d20 nmethod 4107 0x000002008087d310 code [0x000002008087d580, 0x000002008087ddf8]
Event: 5.406 Thread 0x00000200fef60d20 4108       3       org.gradle.internal.instantiation.generator.AbstractClassGenerator::access$1800 (5 bytes)
Event: 5.407 Thread 0x00000200fef60d20 nmethod 4108 0x000002008087e110 code [0x000002008087e320, 0x000002008087e928]
Event: 5.407 Thread 0x00000200fef60d20 4109       3       org.gradle.internal.instantiation.generator.AbstractClassGenerator::isEagerAttachProperty (30 bytes)
Event: 5.407 Thread 0x00000200fef60d20 nmethod 4109 0x000002008087eb10 code [0x000002008087ed20, 0x000002008087f2c8]
Event: 5.407 Thread 0x00000200fef60d20 4110       3       org.gradle.internal.instantiation.generator.AbstractClassGenerator::access$1900 (5 bytes)
Event: 5.407 Thread 0x00000200fef60d20 nmethod 4110 0x000002008087f490 code [0x000002008087f660, 0x000002008087f958]
Event: 5.407 Thread 0x00000200fef60d20 4111       3       org.gradle.internal.instantiation.generator.AbstractClassGenerator::isIneligibleForConventionMapping (30 bytes)
Event: 5.407 Thread 0x00000200fef60d20 nmethod 4111 0x000002008087fa90 code [0x000002008087fd00, 0x0000020080880958]
Event: 5.408 Thread 0x00000200fef60d20 4113       3       org.gradle.model.internal.asm.MethodVisitorScope::_IFNONNULL (9 bytes)
Event: 5.408 Thread 0x00000200fef60d20 nmethod 4113 0x0000020080880d90 code [0x0000020080880f40, 0x00000200808811a8]

GC Heap History (20 events):
Event: 0.451 GC heap after
{Heap after GC invocations=1 (full 0):
 garbage-first heap   total 262144K, used 2992K [0x0000000080000000, 0x0000000100000000)
  region size 1024K, 2 young (2048K), 2 survivors (2048K)
 Metaspace       used 7681K, committed 7872K, reserved 1114112K
  class space    used 676K, committed 768K, reserved 1048576K
}
Event: 0.918 GC heap before
{Heap before GC invocations=1 (full 0):
 garbage-first heap   total 262144K, used 22448K [0x0000000080000000, 0x0000000100000000)
  region size 1024K, 18 young (18432K), 2 survivors (2048K)
 Metaspace       used 11384K, committed 11584K, reserved 1114112K
  class space    used 1196K, committed 1280K, reserved 1048576K
}
Event: 0.920 GC heap after
{Heap after GC invocations=2 (full 0):
 garbage-first heap   total 262144K, used 11101K [0x0000000080000000, 0x0000000100000000)
  region size 1024K, 3 young (3072K), 3 survivors (3072K)
 Metaspace       used 11384K, committed 11584K, reserved 1114112K
  class space    used 1196K, committed 1280K, reserved 1048576K
}
Event: 1.339 GC heap before
{Heap before GC invocations=2 (full 0):
 garbage-first heap   total 262144K, used 32605K [0x0000000080000000, 0x0000000100000000)
  region size 1024K, 25 young (25600K), 3 survivors (3072K)
 Metaspace       used 11480K, committed 11648K, reserved 1114112K
  class space    used 1199K, committed 1280K, reserved 1048576K
}
Event: 1.341 GC heap after
{Heap after GC invocations=3 (full 0):
 garbage-first heap   total 262144K, used 11436K [0x0000000080000000, 0x0000000100000000)
  region size 1024K, 1 young (1024K), 1 survivors (1024K)
 Metaspace       used 11480K, committed 11648K, reserved 1114112K
  class space    used 1199K, committed 1280K, reserved 1048576K
}
Event: 2.593 GC heap before
{Heap before GC invocations=3 (full 0):
 garbage-first heap   total 262144K, used 61612K [0x0000000080000000, 0x0000000100000000)
  region size 1024K, 50 young (51200K), 1 survivors (1024K)
 Metaspace       used 21257K, committed 21504K, reserved 1114112K
  class space    used 2489K, committed 2624K, reserved 1048576K
}
Event: 2.599 GC heap after
{Heap after GC invocations=4 (full 0):
 garbage-first heap   total 262144K, used 19300K [0x0000000080000000, 0x0000000100000000)
  region size 1024K, 9 young (9216K), 9 survivors (9216K)
 Metaspace       used 21257K, committed 21504K, reserved 1114112K
  class space    used 2489K, committed 2624K, reserved 1048576K
}
Event: 3.246 GC heap before
{Heap before GC invocations=5 (full 0):
 garbage-first heap   total 75776K, used 54116K [0x0000000080000000, 0x0000000100000000)
  region size 1024K, 44 young (45056K), 9 survivors (9216K)
 Metaspace       used 26657K, committed 26944K, reserved 1114112K
  class space    used 3402K, committed 3520K, reserved 1048576K
}
Event: 3.253 GC heap after
{Heap after GC invocations=6 (full 0):
 garbage-first heap   total 75776K, used 21537K [0x0000000080000000, 0x0000000100000000)
  region size 1024K, 3 young (3072K), 3 survivors (3072K)
 Metaspace       used 26657K, committed 26944K, reserved 1114112K
  class space    used 3402K, committed 3520K, reserved 1048576K
}
Event: 3.703 GC heap before
{Heap before GC invocations=6 (full 0):
 garbage-first heap   total 75776K, used 53281K [0x0000000080000000, 0x0000000100000000)
  region size 1024K, 34 young (34816K), 3 survivors (3072K)
 Metaspace       used 30936K, committed 31232K, reserved 1114112K
  class space    used 4131K, committed 4288K, reserved 1048576K
}
Event: 3.706 GC heap after
{Heap after GC invocations=7 (full 0):
 garbage-first heap   total 75776K, used 22960K [0x0000000080000000, 0x0000000100000000)
  region size 1024K, 4 young (4096K), 4 survivors (4096K)
 Metaspace       used 30936K, committed 31232K, reserved 1114112K
  class space    used 4131K, committed 4288K, reserved 1048576K
}
Event: 4.133 GC heap before
{Heap before GC invocations=7 (full 0):
 garbage-first heap   total 75776K, used 54704K [0x0000000080000000, 0x0000000100000000)
  region size 1024K, 36 young (36864K), 4 survivors (4096K)
 Metaspace       used 35144K, committed 35456K, reserved 1114112K
  class space    used 4785K, committed 4928K, reserved 1048576K
}
Event: 4.137 GC heap after
{Heap after GC invocations=8 (full 0):
 garbage-first heap   total 75776K, used 24604K [0x0000000080000000, 0x0000000100000000)
  region size 1024K, 4 young (4096K), 4 survivors (4096K)
 Metaspace       used 35144K, committed 35456K, reserved 1114112K
  class space    used 4785K, committed 4928K, reserved 1048576K
}
Event: 4.205 GC heap before
{Heap before GC invocations=8 (full 0):
 garbage-first heap   total 75776K, used 27676K [0x0000000080000000, 0x0000000100000000)
  region size 1024K, 8 young (8192K), 4 survivors (4096K)
 Metaspace       used 35749K, committed 36096K, reserved 1114112K
  class space    used 4873K, committed 5056K, reserved 1048576K
}
Event: 4.208 GC heap after
{Heap after GC invocations=9 (full 0):
 garbage-first heap   total 75776K, used 24434K [0x0000000080000000, 0x0000000100000000)
  region size 1024K, 2 young (2048K), 2 survivors (2048K)
 Metaspace       used 35749K, committed 36096K, reserved 1114112K
  class space    used 4873K, committed 5056K, reserved 1048576K
}
Event: 4.626 GC heap before
{Heap before GC invocations=10 (full 0):
 garbage-first heap   total 75776K, used 57202K [0x0000000080000000, 0x0000000100000000)
  region size 1024K, 35 young (35840K), 2 survivors (2048K)
 Metaspace       used 41338K, committed 41664K, reserved 1114112K
  class space    used 5478K, committed 5632K, reserved 1048576K
}
Event: 4.630 GC heap after
{Heap after GC invocations=11 (full 0):
 garbage-first heap   total 75776K, used 28794K [0x0000000080000000, 0x0000000100000000)
  region size 1024K, 5 young (5120K), 5 survivors (5120K)
 Metaspace       used 41338K, committed 41664K, reserved 1114112K
  class space    used 5478K, committed 5632K, reserved 1048576K
}
Event: 4.967 GC heap before
{Heap before GC invocations=11 (full 0):
 garbage-first heap   total 75776K, used 61562K [0x0000000080000000, 0x0000000100000000)
  region size 1024K, 33 young (33792K), 5 survivors (5120K)
 Metaspace       used 44498K, committed 44800K, reserved 1114112K
  class space    used 5888K, committed 6016K, reserved 1048576K
}
Event: 4.973 GC heap after
{Heap after GC invocations=12 (full 0):
 garbage-first heap   total 75776K, used 32228K [0x0000000080000000, 0x0000000100000000)
  region size 1024K, 4 young (4096K), 4 survivors (4096K)
 Metaspace       used 44498K, committed 44800K, reserved 1114112K
  class space    used 5888K, committed 6016K, reserved 1048576K
}
Event: 5.413 GC heap before
{Heap before GC invocations=12 (full 0):
 garbage-first heap   total 75776K, used 57828K [0x0000000080000000, 0x0000000100000000)
  region size 1024K, 29 young (29696K), 4 survivors (4096K)
 Metaspace       used 46486K, committed 46912K, reserved 1114112K
  class space    used 6169K, committed 6336K, reserved 1048576K
}

Dll operation events (3 events):
Event: 0.011 Loaded shared library C:\Program Files\Android\Android Studio1\jbr\bin\java.dll
Event: 0.152 Loaded shared library C:\Program Files\Android\Android Studio1\jbr\bin\zip.dll
Event: 0.461 Loaded shared library C:\Program Files\Android\Android Studio1\jbr\bin\verify.dll

Deoptimization events (20 events):
Event: 5.044 Thread 0x0000020095d018d0 DEOPT PACKING pc=0x0000020087ce1e94 sp=0x000000d8a0af3320
Event: 5.044 Thread 0x0000020095d018d0 DEOPT UNPACKING pc=0x00000200875869a3 sp=0x000000d8a0af32b8 mode 2
Event: 5.054 Thread 0x0000020095d018d0 Uncommon trap: trap_request=0xffffff45 fr.pc=0x0000020087c52844 relative=0x0000000000000904
Event: 5.054 Thread 0x0000020095d018d0 Uncommon trap: reason=unstable_if action=reinterpret pc=0x0000020087c52844 method=java.util.WeakHashMap.matchesKey(Ljava/util/WeakHashMap$Entry;Ljava/lang/Object;)Z @ 5 c2
Event: 5.054 Thread 0x0000020095d018d0 DEOPT PACKING pc=0x0000020087c52844 sp=0x000000d8a0af2830
Event: 5.054 Thread 0x0000020095d018d0 DEOPT UNPACKING pc=0x00000200875869a3 sp=0x000000d8a0af2798 mode 2
Event: 5.081 Thread 0x0000020095d018d0 Uncommon trap: trap_request=0xffffff45 fr.pc=0x0000020087c6bf3c relative=0x000000000000011c
Event: 5.081 Thread 0x0000020095d018d0 Uncommon trap: reason=unstable_if action=reinterpret pc=0x0000020087c6bf3c method=java.util.Arrays.hashCode([Ljava/lang/Object;)I @ 34 c2
Event: 5.081 Thread 0x0000020095d018d0 DEOPT PACKING pc=0x0000020087c6bf3c sp=0x000000d8a0af0a40
Event: 5.081 Thread 0x0000020095d018d0 DEOPT UNPACKING pc=0x00000200875869a3 sp=0x000000d8a0af09b8 mode 2
Event: 5.204 Thread 0x0000020095d018d0 DEOPT PACKING pc=0x00000200804875d4 sp=0x000000d8a0af94c0
Event: 5.204 Thread 0x0000020095d018d0 DEOPT UNPACKING pc=0x0000020087587143 sp=0x000000d8a0af8a18 mode 0
Event: 5.329 Thread 0x0000020095d018d0 Uncommon trap: trap_request=0xffffffde fr.pc=0x0000020087c1686c relative=0x00000000000002cc
Event: 5.329 Thread 0x0000020095d018d0 Uncommon trap: reason=class_check action=maybe_recompile pc=0x0000020087c1686c method=java.util.Collections$SetFromMap.remove(Ljava/lang/Object;)Z @ 5 c2
Event: 5.329 Thread 0x0000020095d018d0 DEOPT PACKING pc=0x0000020087c1686c sp=0x000000d8a0afac50
Event: 5.329 Thread 0x0000020095d018d0 DEOPT UNPACKING pc=0x00000200875869a3 sp=0x000000d8a0afac38 mode 2
Event: 5.351 Thread 0x0000020095d018d0 Uncommon trap: trap_request=0xffffffc6 fr.pc=0x0000020087cff2e8 relative=0x0000000000002988
Event: 5.351 Thread 0x0000020095d018d0 Uncommon trap: reason=bimorphic_or_optimized_type_check action=maybe_recompile pc=0x0000020087cff2e8 method=java.util.regex.Pattern$CharProperty.study(Ljava/util/regex/Pattern$TreeInfo;)Z @ 25 c2
Event: 5.351 Thread 0x0000020095d018d0 DEOPT PACKING pc=0x0000020087cff2e8 sp=0x000000d8a0af9940
Event: 5.351 Thread 0x0000020095d018d0 DEOPT UNPACKING pc=0x00000200875869a3 sp=0x000000d8a0af9838 mode 2

Classes unloaded (0 events):
No events

Classes redefined (0 events):
No events

Internal exceptions (20 events):
Event: 5.091 Thread 0x0000020095d018d0 Exception <a 'java/lang/NoSuchMethodError'{0x0000000083eda350}: 'void java.lang.invoke.DirectMethodHandle$Holder.invokeInterface(java.lang.Object, java.lang.Object)'> (0x0000000083eda350) 
thrown [s\src\hotspot\share\interpreter\linkResolver.cpp, line 771]
Event: 5.128 Thread 0x0000020095d018d0 Exception <a 'java/lang/IncompatibleClassChangeError'{0x0000000083d637b0}: Found class java.lang.Object, but interface was expected> (0x0000000083d637b0) 
thrown [s\src\hotspot\share\interpreter\linkResolver.cpp, line 838]
Event: 5.208 Thread 0x0000020095d018d0 Exception <a 'java/lang/ClassNotFoundException'{0x0000000083c93000}: settings_a5tc3b8z6qzkoal0989qy1ao5BeanInfo> (0x0000000083c93000) 
thrown [s\src\hotspot\share\classfile\systemDictionary.cpp, line 256]
Event: 5.208 Thread 0x0000020095d018d0 Exception <a 'java/lang/ClassNotFoundException'{0x0000000083c999f8}: settings_a5tc3b8z6qzkoal0989qy1ao5Customizer> (0x0000000083c999f8) 
thrown [s\src\hotspot\share\classfile\systemDictionary.cpp, line 256]
Event: 5.230 Thread 0x0000020095d018d0 Exception <a 'java/lang/ClassNotFoundException'{0x0000000083b80b18}: org/gradle/internal/management/DefaultDependencyResolutionManagement_DecoratedBeanInfo> (0x0000000083b80b18) 
thrown [s\src\hotspot\share\classfile\systemDictionary.cpp, line 256]
Event: 5.231 Thread 0x0000020095d018d0 Exception <a 'java/lang/ClassNotFoundException'{0x0000000083b95bf8}: org/gradle/internal/management/DefaultDependencyResolutionManagementBeanInfo> (0x0000000083b95bf8) 
thrown [s\src\hotspot\share\classfile\systemDictionary.cpp, line 256]
Event: 5.232 Thread 0x0000020095d018d0 Exception <a 'java/lang/ClassNotFoundException'{0x0000000083bab000}: org/gradle/internal/management/DefaultDependencyResolutionManagementCustomizer> (0x0000000083bab000) 
thrown [s\src\hotspot\share\classfile\systemDictionary.cpp, line 256]
Event: 5.234 Thread 0x0000020095d018d0 Exception <a 'java/lang/ClassNotFoundException'{0x0000000083bd3140}: org/gradle/internal/management/DefaultDependencyResolutionManagement_DecoratedCustomizer> (0x0000000083bd3140) 
thrown [s\src\hotspot\share\classfile\systemDictionary.cpp, line 256]
Event: 5.250 Thread 0x0000020095d018d0 Exception <a 'java/lang/ClassNotFoundException'{0x0000000083a26778}: org/gradle/api/initialization/resolve/RepositoriesModeBeanInfo> (0x0000000083a26778) 
thrown [s\src\hotspot\share\classfile\systemDictionary.cpp, line 256]
Event: 5.250 Thread 0x0000020095d018d0 Exception <a 'java/lang/ClassNotFoundException'{0x0000000083a2b860}: java/lang/EnumBeanInfo> (0x0000000083a2b860) 
thrown [s\src\hotspot\share\classfile\systemDictionary.cpp, line 256]
Event: 5.250 Thread 0x0000020095d018d0 Exception <a 'java/lang/ClassNotFoundException'{0x0000000083a306c0}: java/lang/EnumCustomizer> (0x0000000083a306c0) 
thrown [s\src\hotspot\share\classfile\systemDictionary.cpp, line 256]
Event: 5.251 Thread 0x0000020095d018d0 Exception <a 'java/lang/ClassNotFoundException'{0x0000000083a49928}: org/gradle/api/initialization/resolve/RepositoriesModeCustomizer> (0x0000000083a49928) 
thrown [s\src\hotspot\share\classfile\systemDictionary.cpp, line 256]
Event: 5.258 Thread 0x0000020095d018d0 Exception <a 'java/lang/ClassNotFoundException'{0x0000000083ab7458}: org/gradle/api/internal/provider/DefaultPropertyBeanInfo> (0x0000000083ab7458) 
thrown [s\src\hotspot\share\classfile\systemDictionary.cpp, line 256]
Event: 5.258 Thread 0x0000020095d018d0 Exception <a 'java/lang/ClassNotFoundException'{0x0000000083ac9538}: org/gradle/api/internal/provider/AbstractPropertyBeanInfo> (0x0000000083ac9538) 
thrown [s\src\hotspot\share\classfile\systemDictionary.cpp, line 256]
Event: 5.259 Thread 0x0000020095d018d0 Exception <a 'java/lang/ClassNotFoundException'{0x0000000083adba40}: org/gradle/api/internal/provider/AbstractMinimalProviderBeanInfo> (0x0000000083adba40) 
thrown [s\src\hotspot\share\classfile\systemDictionary.cpp, line 256]
Event: 5.259 Thread 0x0000020095d018d0 Exception <a 'java/lang/ClassNotFoundException'{0x0000000083aee540}: org/gradle/api/internal/provider/AbstractMinimalProviderCustomizer> (0x0000000083aee540) 
thrown [s\src\hotspot\share\classfile\systemDictionary.cpp, line 256]
Event: 5.262 Thread 0x0000020095d018d0 Exception <a 'java/lang/ClassNotFoundException'{0x000000008391c0a0}: org/gradle/api/internal/provider/AbstractPropertyCustomizer> (0x000000008391c0a0) 
thrown [s\src\hotspot\share\classfile\systemDictionary.cpp, line 256]
Event: 5.264 Thread 0x0000020095d018d0 Exception <a 'java/lang/ClassNotFoundException'{0x000000008393b690}: org/gradle/api/internal/provider/DefaultPropertyCustomizer> (0x000000008393b690) 
thrown [s\src\hotspot\share\classfile\systemDictionary.cpp, line 256]
Event: 5.302 Thread 0x0000020095d018d0 Exception <a 'java/lang/ClassNotFoundException'{0x000000008376d300}: org/gradle/initialization/DefaultProjectDescriptorBeanInfo> (0x000000008376d300) 
thrown [s\src\hotspot\share\classfile\systemDictionary.cpp, line 256]
Event: 5.303 Thread 0x0000020095d018d0 Exception <a 'java/lang/ClassNotFoundException'{0x000000008377c160}: org/gradle/initialization/DefaultProjectDescriptorCustomizer> (0x000000008377c160) 
thrown [s\src\hotspot\share\classfile\systemDictionary.cpp, line 256]

VM Operations (20 events):
Event: 4.531 Executing VM operation: HandshakeAllThreads done
Event: 4.531 Executing VM operation: HandshakeAllThreads
Event: 4.531 Executing VM operation: HandshakeAllThreads done
Event: 4.534 Executing VM operation: HandshakeAllThreads
Event: 4.534 Executing VM operation: HandshakeAllThreads done
Event: 4.587 Executing VM operation: HandshakeAllThreads
Event: 4.588 Executing VM operation: HandshakeAllThreads done
Event: 4.626 Executing VM operation: G1CollectForAllocation
Event: 4.630 Executing VM operation: G1CollectForAllocation done
Event: 4.695 Executing VM operation: HandshakeAllThreads
Event: 4.696 Executing VM operation: HandshakeAllThreads done
Event: 4.710 Executing VM operation: HandshakeAllThreads
Event: 4.710 Executing VM operation: HandshakeAllThreads done
Event: 4.967 Executing VM operation: ICBufferFull
Event: 4.967 Executing VM operation: ICBufferFull done
Event: 4.967 Executing VM operation: G1CollectForAllocation
Event: 4.973 Executing VM operation: G1CollectForAllocation done
Event: 5.405 Executing VM operation: HandshakeAllThreads
Event: 5.405 Executing VM operation: HandshakeAllThreads done
Event: 5.413 Executing VM operation: G1CollectForAllocation

Events (20 events):
Event: 4.983 loading class sun/reflect/generics/reflectiveObjects/GenericArrayTypeImpl done
Event: 5.200 Thread 0x0000020097a63d80 Thread added: 0x0000020097a63d80
Event: 5.250 loading class java/lang/EnumBeanInfo
Event: 5.250 loading class java/lang/EnumBeanInfo done
Event: 5.250 loading class java/lang/EnumBeanInfo
Event: 5.250 loading class java/lang/EnumBeanInfo done
Event: 5.250 loading class java/lang/EnumCustomizer
Event: 5.250 loading class java/lang/EnumCustomizer done
Event: 5.250 loading class java/lang/EnumCustomizer
Event: 5.250 loading class java/lang/EnumCustomizer done
Event: 5.274 loading class sun/reflect/MagicAccessorImpl
Event: 5.274 loading class sun/reflect/MagicAccessorImpl done
Event: 5.306 loading class java/lang/StringIndexOutOfBoundsException
Event: 5.306 loading class java/lang/StringIndexOutOfBoundsException done
Event: 5.309 loading class jdk/internal/math/FDBigInteger
Event: 5.309 loading class jdk/internal/math/FDBigInteger done
Event: 5.320 loading class java/util/zip/GZIPInputStream
Event: 5.320 loading class java/util/zip/GZIPInputStream done
Event: 5.320 loading class java/util/zip/GZIPOutputStream
Event: 5.320 loading class java/util/zip/GZIPOutputStream done


Dynamic libraries:
0x00007ff744ae0000 - 0x00007ff744aea000 	C:\Program Files\Android\Android Studio1\jbr\bin\java.exe
0x00007ffe882b0000 - 0x00007ffe884a8000 	C:\Windows\SYSTEM32\ntdll.dll
0x00007ffe864d0000 - 0x00007ffe8658d000 	C:\Windows\System32\KERNEL32.DLL
0x00007ffe85be0000 - 0x00007ffe85ed6000 	C:\Windows\System32\KERNELBASE.dll
0x00007ffe861f0000 - 0x00007ffe862f0000 	C:\Windows\System32\ucrtbase.dll
0x00007ffe827b0000 - 0x00007ffe827c7000 	C:\Program Files\Android\Android Studio1\jbr\bin\jli.dll
0x00007ffe87b70000 - 0x00007ffe87d0f000 	C:\Windows\System32\USER32.dll
0x00007ffe861c0000 - 0x00007ffe861e2000 	C:\Windows\System32\win32u.dll
0x00007ffe87850000 - 0x00007ffe8787b000 	C:\Windows\System32\GDI32.dll
0x00007ffe85970000 - 0x00007ffe85a87000 	C:\Windows\System32\gdi32full.dll
0x00007ffe86120000 - 0x00007ffe861bd000 	C:\Windows\System32\msvcp_win.dll
0x00007ffe696a0000 - 0x00007ffe696bb000 	C:\Program Files\Android\Android Studio1\jbr\bin\VCRUNTIME140.dll
0x00007ffe67630000 - 0x00007ffe678ca000 	C:\Windows\WinSxS\amd64_microsoft.windows.common-controls_6595b64144ccf1df_6.0.19041.4355_none_60b8b9eb71f62e16\COMCTL32.dll
0x00007ffe86880000 - 0x00007ffe8691e000 	C:\Windows\System32\msvcrt.dll
0x00007ffe86310000 - 0x00007ffe8633f000 	C:\Windows\System32\IMM32.DLL
0x00007ffe82ea0000 - 0x00007ffe82eac000 	C:\Program Files\Android\Android Studio1\jbr\bin\vcruntime140_1.dll
0x00007ffe62000000 - 0x00007ffe6208d000 	C:\Program Files\Android\Android Studio1\jbr\bin\msvcp140.dll
0x00007ffe11100000 - 0x00007ffe11d83000 	C:\Program Files\Android\Android Studio1\jbr\bin\server\jvm.dll
0x00007ffe86630000 - 0x00007ffe866e0000 	C:\Windows\System32\ADVAPI32.dll
0x00007ffe86590000 - 0x00007ffe86630000 	C:\Windows\System32\sechost.dll
0x00007ffe880d0000 - 0x00007ffe881f3000 	C:\Windows\System32\RPCRT4.dll
0x00007ffe85b00000 - 0x00007ffe85b27000 	C:\Windows\System32\bcrypt.dll
0x00007ffe84ea0000 - 0x00007ffe84eeb000 	C:\Windows\SYSTEM32\POWRPROF.dll
0x00007ffe73e20000 - 0x00007ffe73e29000 	C:\Windows\SYSTEM32\WSOCK32.dll
0x00007ffe87090000 - 0x00007ffe870fb000 	C:\Windows\System32\WS2_32.dll
0x00007ffe7c7b0000 - 0x00007ffe7c7d7000 	C:\Windows\SYSTEM32\WINMM.dll
0x00007ffe7ebf0000 - 0x00007ffe7ebfa000 	C:\Windows\SYSTEM32\VERSION.dll
0x00007ffe84d60000 - 0x00007ffe84d72000 	C:\Windows\SYSTEM32\UMPDC.dll
0x00007ffe83810000 - 0x00007ffe83822000 	C:\Windows\SYSTEM32\kernel.appcore.dll
0x00007ffe82e10000 - 0x00007ffe82e1a000 	C:\Program Files\Android\Android Studio1\jbr\bin\jimage.dll
0x00007ffe7f4d0000 - 0x00007ffe7f6b4000 	C:\Windows\SYSTEM32\DBGHELP.DLL
0x00007ffe6c580000 - 0x00007ffe6c5b4000 	C:\Windows\SYSTEM32\dbgcore.DLL
0x00007ffe85ee0000 - 0x00007ffe85f62000 	C:\Windows\System32\bcryptPrimitives.dll
0x00007ffe82e40000 - 0x00007ffe82e4e000 	C:\Program Files\Android\Android Studio1\jbr\bin\instrument.dll
0x00007ffe6a5c0000 - 0x00007ffe6a5e5000 	C:\Program Files\Android\Android Studio1\jbr\bin\java.dll
0x00007ffe77550000 - 0x00007ffe77568000 	C:\Program Files\Android\Android Studio1\jbr\bin\zip.dll
0x00007ffe86920000 - 0x00007ffe8708c000 	C:\Windows\System32\SHELL32.dll
0x00007ffe83a10000 - 0x00007ffe841ad000 	C:\Windows\SYSTEM32\windows.storage.dll
0x00007ffe87d70000 - 0x00007ffe880c3000 	C:\Windows\System32\combase.dll
0x00007ffe85390000 - 0x00007ffe853be000 	C:\Windows\SYSTEM32\Wldp.dll
0x00007ffe87780000 - 0x00007ffe8784d000 	C:\Windows\System32\OLEAUT32.dll
0x00007ffe87880000 - 0x00007ffe8792d000 	C:\Windows\System32\SHCORE.dll
0x00007ffe86470000 - 0x00007ffe864c5000 	C:\Windows\System32\shlwapi.dll
0x00007ffe858a0000 - 0x00007ffe858c4000 	C:\Windows\SYSTEM32\profapi.dll
0x00007ffe6fb30000 - 0x00007ffe6fb49000 	C:\Program Files\Android\Android Studio1\jbr\bin\net.dll
0x00007ffe7ead0000 - 0x00007ffe7ebda000 	C:\Windows\SYSTEM32\WINHTTP.dll
0x00007ffe850f0000 - 0x00007ffe8515a000 	C:\Windows\system32\mswsock.dll
0x00007ffe6a050000 - 0x00007ffe6a066000 	C:\Program Files\Android\Android Studio1\jbr\bin\nio.dll
0x00007ffe82e50000 - 0x00007ffe82e60000 	C:\Program Files\Android\Android Studio1\jbr\bin\verify.dll
0x00007ffe77520000 - 0x00007ffe77547000 	C:\Users\User\.gradle\native\c067742578af261105cb4f569cf0c3c89f3d7b1fecec35dd04571415982c5e48\windows-amd64\native-platform.dll
0x00007ffe35cb0000 - 0x00007ffe35df4000 	C:\Users\User\.gradle\native\38dada09dfb8b06ba9b0570ebf7e218e3eb74d4ef43ca46872605cf95ebc2f47\windows-amd64\native-platform-file-events.dll
0x00007ffe798a0000 - 0x00007ffe798a9000 	C:\Program Files\Android\Android Studio1\jbr\bin\management.dll
0x00007ffe775f0000 - 0x00007ffe775fb000 	C:\Program Files\Android\Android Studio1\jbr\bin\management_ext.dll
0x00007ffe87770000 - 0x00007ffe87778000 	C:\Windows\System32\PSAPI.DLL
0x00007ffe852e0000 - 0x00007ffe852f8000 	C:\Windows\SYSTEM32\CRYPTSP.dll
0x00007ffe849a0000 - 0x00007ffe849d4000 	C:\Windows\system32\rsaenh.dll
0x00007ffe85850000 - 0x00007ffe8587e000 	C:\Windows\SYSTEM32\USERENV.dll
0x00007ffe85300000 - 0x00007ffe8530c000 	C:\Windows\SYSTEM32\CRYPTBASE.dll
0x00007ffe84d80000 - 0x00007ffe84dbb000 	C:\Windows\SYSTEM32\IPHLPAPI.DLL
0x00007ffe88200000 - 0x00007ffe88208000 	C:\Windows\System32\NSI.dll
0x00007ffe80130000 - 0x00007ffe80147000 	C:\Windows\SYSTEM32\dhcpcsvc6.DLL
0x00007ffe80110000 - 0x00007ffe8012d000 	C:\Windows\SYSTEM32\dhcpcsvc.DLL
0x00007ffe84dc0000 - 0x00007ffe84e8a000 	C:\Windows\SYSTEM32\DNSAPI.dll
0x00007ffe799a0000 - 0x00007ffe799a9000 	C:\Program Files\Android\Android Studio1\jbr\bin\extnet.dll
0x00007ffe799e0000 - 0x00007ffe799e7000 	C:\Windows\system32\wshunix.dll

dbghelp: loaded successfully - version: 4.0.5 - missing functions: none
symbol engine: initialized successfully - sym options: 0x614 - pdb path: .;C:\Program Files\Android\Android Studio1\jbr\bin;C:\Windows\SYSTEM32;C:\Windows\WinSxS\amd64_microsoft.windows.common-controls_6595b64144ccf1df_6.0.19041.4355_none_60b8b9eb71f62e16;C:\Program Files\Android\Android Studio1\jbr\bin\server;C:\Users\User\.gradle\native\c067742578af261105cb4f569cf0c3c89f3d7b1fecec35dd04571415982c5e48\windows-amd64;C:\Users\User\.gradle\native\38dada09dfb8b06ba9b0570ebf7e218e3eb74d4ef43ca46872605cf95ebc2f47\windows-amd64

VM Arguments:
jvm_args: --add-opens=java.base/java.util=ALL-UNNAMED --add-opens=java.base/java.lang=ALL-UNNAMED --add-opens=java.base/java.lang.invoke=ALL-UNNAMED --add-opens=java.prefs/java.util.prefs=ALL-UNNAMED --add-opens=java.base/java.nio.charset=ALL-UNNAMED --add-opens=java.base/java.net=ALL-UNNAMED --add-opens=java.base/java.util.concurrent.atomic=ALL-UNNAMED -Xmx2048m -Dfile.encoding=UTF-8 -Duser.country=ID -Duser.language=en -Duser.variant -javaagent:C:\Users\User\.gradle\wrapper\dists\gradle-8.7-bin\bhs2wmbdwecv87pi65oeuq5iu\gradle-8.7\lib\agents\gradle-instrumentation-agent-8.7.jar 
java_command: org.gradle.launcher.daemon.bootstrap.GradleDaemon 8.7
java_class_path (initial): C:\Users\User\.gradle\wrapper\dists\gradle-8.7-bin\bhs2wmbdwecv87pi65oeuq5iu\gradle-8.7\lib\gradle-launcher-8.7.jar
Launcher Type: SUN_STANDARD

[Global flags]
     intx CICompilerCount                          = 3                                         {product} {ergonomic}
     uint ConcGCThreads                            = 1                                         {product} {ergonomic}
     uint G1ConcRefinementThreads                  = 4                                         {product} {ergonomic}
   size_t G1HeapRegionSize                         = 1048576                                   {product} {ergonomic}
    uintx GCDrainStackTargetSize                   = 64                                        {product} {ergonomic}
   size_t InitialHeapSize                          = 268435456                                 {product} {ergonomic}
   size_t MarkStackSize                            = 4194304                                   {product} {ergonomic}
   size_t MaxHeapSize                              = 2147483648                                {product} {command line}
   size_t MaxNewSize                               = 1287651328                                {product} {ergonomic}
   size_t MinHeapDeltaBytes                        = 1048576                                   {product} {ergonomic}
   size_t MinHeapSize                              = 8388608                                   {product} {ergonomic}
    uintx NonNMethodCodeHeapSize                   = 5832780                                {pd product} {ergonomic}
    uintx NonProfiledCodeHeapSize                  = 122912730                              {pd product} {ergonomic}
    uintx ProfiledCodeHeapSize                     = 122912730                              {pd product} {ergonomic}
    uintx ReservedCodeCacheSize                    = 251658240                              {pd product} {ergonomic}
     bool SegmentedCodeCache                       = true                                      {product} {ergonomic}
   size_t SoftMaxHeapSize                          = 2147483648                             {manageable} {ergonomic}
     bool UseCompressedClassPointers               = true                           {product lp64_product} {ergonomic}
     bool UseCompressedOops                        = true                           {product lp64_product} {ergonomic}
     bool UseG1GC                                  = true                                      {product} {ergonomic}
     bool UseLargePagesIndividualAllocation        = false                                  {pd product} {ergonomic}

Logging:
Log output configuration:
 #0: stdout all=warning uptime,level,tags
 #1: stderr all=off uptime,level,tags

Environment Variables:
JAVA_HOME=C:\Program Files\Java\jdk-17
CLASSPATH=C:\mysql-connector-j-8.4.0.jar
PATH=c:\Users\User\AppData\Local\Programs\cursor\resources\app\bin;C:\Program Files\Java\jdk-17\bin;C:\Windows\system32;C:\Windows;C:\Windows\System32\Wbem;C:\Windows\System32\WindowsPowerShell\v1.0\;C:\Windows\System32\OpenSSH\;C:\Program Files\PuTTY\;C:\Users\User\AppData\Local\Microsoft\WindowsApps;c:\Users\User\AppData\Local\Programs\cursor\resources\app\bin;c:\Users\User\AppData\Local\Programs\cursor\resources\app\bin;C:\Program Files\Git\cmd;C:\Users\User\AppData\Local\Microsoft\WindowsApps;C:\Users\User\AppData\Local\Programs\Microsoft VS Code\bin;C:\Users\User\AppData\Local\GitHubDesktop\bin
USERNAME=User
OS=Windows_NT
PROCESSOR_IDENTIFIER=Intel64 Family 6 Model 94 Stepping 3, GenuineIntel
TMP=C:\Users\User\AppData\Local\Temp
TEMP=C:\Users\User\AppData\Local\Temp



Periodic native trim disabled

JNI global refs:
JNI global refs: 23, weak refs: 1

JNI global refs memory usage: 843, weak refs: 841

OOME stack traces (most recent first):
Classloader memory used:
Loader org.gradle.internal.classloader.VisitableURLClassLoader                         : 2834K
Loader bootstrap                                                                       : 2321K
Loader org.gradle.initialization.MixInLegacyTypesClassLoader                           : 550K
Loader jdk.internal.loader.ClassLoaders$PlatformClassLoader                            : 65557B
Loader jdk.internal.loader.ClassLoaders$AppClassLoader                                 : 28764B
Loader org.gradle.groovy.scripts.internal.DefaultScriptCompilationHandler$ScriptClassLoader: 7678B
Loader jdk.internal.reflect.DelegatingClassLoader                                      : 4428B
Loader org.codehaus.groovy.runtime.callsite.CallSiteClassLoader                        : 353B

Classes loaded by more than one classloader:
Class org.gradle.internal.installation.GradleInstallation                             : loaded 2 times (x 73B)
Class org.gradle.internal.classpath.ClassPath                                         : loaded 2 times (x 68B)
Class org.gradle.api.internal.classpath.DefaultModuleRegistry                         : loaded 2 times (x 84B)
Class org.gradle.api.Action                                                           : loaded 2 times (x 68B)
Class org.gradle.api.internal.DefaultClassPathProvider                                : loaded 2 times (x 74B)
Class org.gradle.internal.installation.GradleInstallation$1                           : loaded 2 times (x 73B)
Class org.gradle.internal.classloader.FilteringClassLoader                            : loaded 2 times (x 103B)
Class org.gradle.internal.classpath.DefaultClassPath$ImmutableUniqueList$Builder      : loaded 2 times (x 73B)
Class org.gradle.internal.classloader.ClassLoaderVisitor                              : loaded 2 times (x 74B)
Class org.gradle.internal.service.DefaultServiceLocator                               : loaded 2 times (x 81B)
Class org.gradle.internal.service.UnknownServiceException                             : loaded 2 times (x 81B)
Class org.gradle.internal.classloader.DefaultClassLoaderFactory                       : loaded 2 times (x 80B)
Class settings_a5tc3b8z6qzkoal0989qy1ao5$_run_closure1$_closure2                      : loaded 2 times (x 137B)
Class org.gradle.internal.classloader.VisitableURLClassLoader$Spec                    : loaded 2 times (x 72B)
Class org.gradle.api.GradleException                                                  : loaded 2 times (x 80B)
Class org.gradle.api.internal.classpath.ModuleRegistry                                : loaded 2 times (x 68B)
Class org.gradle.api.internal.ClassPathProvider                                       : loaded 2 times (x 68B)
Class org.gradle.internal.classloader.ClasspathUtil$1                                 : loaded 2 times (x 74B)
Class org.gradle.internal.classloader.ClassLoaderFactory                              : loaded 2 times (x 68B)
Class org.gradle.api.internal.classpath.ManifestUtil                                  : loaded 2 times (x 69B)
Class org.gradle.api.specs.Spec                                                       : loaded 2 times (x 68B)
Class settings_a5tc3b8z6qzkoal0989qy1ao5                                              : loaded 2 times (x 177B)
Class org.gradle.internal.IoActions                                                   : loaded 2 times (x 69B)
Class org.gradle.api.internal.classpath.EffectiveClassPath                            : loaded 2 times (x 88B)
Class org.gradle.internal.installation.CurrentGradleInstallation                      : loaded 2 times (x 71B)
Class org.gradle.internal.agents.InstrumentingClassLoader                             : loaded 2 times (x 68B)
Class org.gradle.internal.installation.CurrentGradleInstallationLocator               : loaded 2 times (x 69B)
Class org.gradle.api.internal.classpath.Module                                        : loaded 2 times (x 68B)
Class org.gradle.internal.service.CachingServiceLocator                               : loaded 2 times (x 80B)
Class org.gradle.internal.classpath.DefaultClassPath                                  : loaded 2 times (x 88B)
Class org.gradle.internal.classloader.SystemClassLoaderSpec                           : loaded 2 times (x 69B)
Class org.gradle.api.UncheckedIOException                                             : loaded 2 times (x 80B)
Class org.gradle.internal.classloader.ClasspathUtil                                   : loaded 2 times (x 69B)
Class org.gradle.api.internal.DefaultClassPathRegistry                                : loaded 2 times (x 74B)
Class org.gradle.api.internal.classpath.DefaultModuleRegistry$DefaultModule           : loaded 2 times (x 84B)
Class org.gradle.api.internal.classpath.UnknownModuleException                        : loaded 2 times (x 80B)
Class org.gradle.internal.service.ServiceLookupException                              : loaded 2 times (x 80B)
Class org.gradle.cache.GlobalCache                                                    : loaded 2 times (x 68B)
Class [Lorg.gradle.api.internal.ClassPathProvider;                                    : loaded 2 times (x 67B)
Class org.gradle.util.internal.GUtil                                                  : loaded 2 times (x 69B)
Class org.gradle.internal.classloader.ClassLoaderSpec                                 : loaded 2 times (x 69B)
Class org.gradle.internal.classloader.VisitableURLClassLoader                         : loaded 2 times (x 115B)
Class org.gradle.internal.Cast                                                        : loaded 2 times (x 69B)
Class org.gradle.api.internal.ClassPathRegistry                                       : loaded 2 times (x 68B)
Class org.gradle.internal.classloader.VisitableURLClassLoader$InstrumentingVisitableURLClassLoader: loaded 2 times (x 121B)
Class org.gradle.internal.classloader.ClassLoaderHierarchy                            : loaded 2 times (x 68B)
Class org.gradle.internal.InternalTransformer                                         : loaded 2 times (x 68B)
Class settings_a5tc3b8z6qzkoal0989qy1ao5$_run_closure1                                : loaded 2 times (x 137B)
Class org.gradle.internal.service.ServiceLocator                                      : loaded 2 times (x 68B)
Class org.gradle.internal.classpath.DefaultClassPath$ImmutableUniqueList              : loaded 2 times (x 159B)
Class org.gradle.internal.classpath.TransformedClassPath                              : loaded 2 times (x 94B)


---------------  S Y S T E M  ---------------

OS:
 Windows 10 , 64 bit Build 19041 (10.0.19041.3636)
OS uptime: 2 days 0:47 hours

CPU: total 4 (initial active 4) (4 cores per cpu, 1 threads per core) family 6 model 94 stepping 3 microcode 0xcc, cx8, cmov, fxsr, mmx, 3dnowpref, sse, sse2, sse3, ssse3, sse4.1, sse4.2, popcnt, lzcnt, tsc, tscinvbit, avx, avx2, aes, erms, clmul, bmi1, bmi2, rtm, adx, fma, vzeroupper, clflush, clflushopt
Processor Information for all 4 processors :
  Max Mhz: 3201, Current Mhz: 3201, Mhz Limit: 3201

Memory: 4k page, system-wide physical 16336M (3015M free)
TotalPageFile size 20432M (AvailPageFile size 20M)
current process WorkingSet (physical memory assigned to process): 219M, peak: 227M
current process commit charge ("private bytes"): 247M, peak: 392M

vm_info: OpenJDK 64-Bit Server VM (17.0.10+0--11609105) for windows-amd64 JRE (17.0.10+0--11609105), built on Mar 21 2024 19:10:56 by "androidbuild" with MS VC++ 16.10 / 16.11 (VS2019)

END.
